<?xml version="1.0" encoding="UTF-8"?>
<!-- Generated by org.testng.reporters.JUnitXMLReporter -->
<testsuite ignored="2" hostname="DESKTOP-JGIOHBA" failures="0" tests="2" name="ProfileNameEdit" time="28.214" errors="0" timestamp="2022-05-09T16:25:43 IST">
  <testcase classname="TwitterTest.TwtLoginTestttt" name="loginTwt" time="17.36"/>
  <testcase classname="TwitterTest.TwtProfileEditTest" name="editBio" time="10.724"/>
  <testcase classname="TwitterTest.BaseTest" name="@BeforeSuite launchBrowser" time="0.0">
    <ignored/>
  </testcase> <!-- @BeforeSuite launchBrowser -->
  <testcase classname="TwitterTest.TwtProfileEditTest" name="editDisplayName" time="0.0">
    <ignored/>
  </testcase> <!-- editDisplayName -->
</testsuite> <!-- ProfileNameEdit -->
